<?xml version="1.0" encoding="UTF-8"?>
<!-- Generated by org.testng.reporters.JUnitReportReporter -->
<testsuite hostname="mali.lab.arhv.net" failures="0" tests="1" name="com.mali.AppTest" time="5.714" errors="0" timestamp="2020-04-27T17:33:41 MSK" skipped="0">
  <testcase classname="com.mali.AppTest" name="AppTests" time="5.714"/>
</testsuite> <!-- com.mali.AppTest -->
